DEB [20250312-02:56:46.302] thr=1   paramiko.transport: starting thread (client mode): 0x9dd50d10
DEB [20250312-02:56:46.302] thr=1   paramiko.transport: Local version/idstring: SSH-2.0-paramiko_3.3.1
DEB [20250312-02:56:46.369] thr=1   paramiko.transport: Remote version/idstring: SSH-2.0-OpenSSH_8.2p1 Ubuntu-4ubuntu0.11
INF [20250312-02:56:46.369] thr=1   paramiko.transport: Connected (version 2.0, client OpenSSH_8.2p1)
DEB [20250312-02:56:46.426] thr=1   paramiko.transport: === Key exchange possibilities ===
DEB [20250312-02:56:46.426] thr=1   paramiko.transport: kex algos: curve25519-sha256, curve25519-sha256@libssh.org, ecdh-sha2-nistp256, ecdh-sha2-nistp384, ecdh-sha2-nistp521, diffie-hellman-group-exchange-sha256, diffie-hellman-group16-sha512, diffie-hellman-group18-sha512, diffie-hellman-group14-sha256, kex-strict-s-v00@openssh.com
DEB [20250312-02:56:46.426] thr=1   paramiko.transport: server key: rsa-sha2-512, rsa-sha2-256, ssh-rsa, ecdsa-sha2-nistp256, ssh-ed25519
DEB [20250312-02:56:46.426] thr=1   paramiko.transport: client encrypt: chacha20-poly1305@openssh.com, aes128-ctr, aes192-ctr, aes256-ctr, aes128-gcm@openssh.com, aes256-gcm@openssh.com
DEB [20250312-02:56:46.426] thr=1   paramiko.transport: server encrypt: chacha20-poly1305@openssh.com, aes128-ctr, aes192-ctr, aes256-ctr, aes128-gcm@openssh.com, aes256-gcm@openssh.com
DEB [20250312-02:56:46.426] thr=1   paramiko.transport: client mac: umac-64-etm@openssh.com, umac-128-etm@openssh.com, hmac-sha2-256-etm@openssh.com, hmac-sha2-512-etm@openssh.com, hmac-sha1-etm@openssh.com, umac-64@openssh.com, umac-128@openssh.com, hmac-sha2-256, hmac-sha2-512, hmac-sha1
DEB [20250312-02:56:46.426] thr=1   paramiko.transport: server mac: umac-64-etm@openssh.com, umac-128-etm@openssh.com, hmac-sha2-256-etm@openssh.com, hmac-sha2-512-etm@openssh.com, hmac-sha1-etm@openssh.com, umac-64@openssh.com, umac-128@openssh.com, hmac-sha2-256, hmac-sha2-512, hmac-sha1
DEB [20250312-02:56:46.426] thr=1   paramiko.transport: client compress: none, zlib@openssh.com
DEB [20250312-02:56:46.426] thr=1   paramiko.transport: server compress: none, zlib@openssh.com
DEB [20250312-02:56:46.426] thr=1   paramiko.transport: client lang: <none>
DEB [20250312-02:56:46.426] thr=1   paramiko.transport: server lang: <none>
DEB [20250312-02:56:46.426] thr=1   paramiko.transport: kex follows: False
DEB [20250312-02:56:46.426] thr=1   paramiko.transport: === Key exchange agreements ===
DEB [20250312-02:56:46.426] thr=1   paramiko.transport: Kex: curve25519-sha256@libssh.org
DEB [20250312-02:56:46.426] thr=1   paramiko.transport: HostKey: ssh-ed25519
DEB [20250312-02:56:46.426] thr=1   paramiko.transport: Cipher: aes128-ctr
DEB [20250312-02:56:46.426] thr=1   paramiko.transport: MAC: hmac-sha2-256
DEB [20250312-02:56:46.426] thr=1   paramiko.transport: Compression: none
DEB [20250312-02:56:46.426] thr=1   paramiko.transport: === End of kex handshake ===
DEB [20250312-02:56:46.494] thr=1   paramiko.transport: kex engine KexCurve25519 specified hash_algo <built-in function openssl_sha256>
DEB [20250312-02:56:46.494] thr=1   paramiko.transport: Switch to new keys ...
DEB [20250312-02:56:46.500] thr=1   paramiko.transport: Got EXT_INFO: {'server-sig-algs': b'ssh-ed25519,sk-ssh-ed25519@openssh.com,ssh-rsa,rsa-sha2-256,rsa-sha2-512,ssh-dss,ecdsa-sha2-nistp256,ecdsa-sha2-nistp384,ecdsa-sha2-nistp521,sk-ecdsa-sha2-nistp256@openssh.com'}
DEB [20250312-02:56:46.500] thr=2   paramiko.transport: Adding ssh-ed25519 host key for 103.245.39.191: b'd7c4c6a9fcbb68bcdaad44609523b0c1'
DEB [20250312-02:56:46.500] thr=2   paramiko.transport: Trying SSH key b'efab22badfcde8c5c80233290eaaba16'
DEB [20250312-02:56:46.593] thr=1   paramiko.transport: userauth is OK
INF [20250312-02:56:46.727] thr=1   paramiko.transport: Authentication (publickey) successful!
DEB [20250312-02:56:46.727] thr=2   paramiko.transport: [chan 0] Max packet in: 32768 bytes
DEB [20250312-02:56:47.138] thr=1   paramiko.transport: Received global request "hostkeys-00@openssh.com"
DEB [20250312-02:56:47.138] thr=1   paramiko.transport: Rejecting "hostkeys-00@openssh.com" global request from server.
DEB [20250312-02:56:47.138] thr=1   paramiko.transport: Debug msg: b'/root/.ssh/authorized_keys:1: key options: agent-forwarding port-forwarding pty user-rc x11-forwarding'
DEB [20250312-02:56:47.244] thr=1   paramiko.transport: [chan 0] Max packet out: 32768 bytes
DEB [20250312-02:56:47.244] thr=1   paramiko.transport: Secsh channel 0 opened.
DEB [20250312-02:56:47.286] thr=1   paramiko.transport: [chan 0] Sesch channel 0 request ok
DEB [20250312-02:57:20.387] thr=1   paramiko.transport: [chan 0] EOF received (0)
DEB [20250312-02:57:20.387] thr=2   paramiko.transport: [chan 0] EOF sent (0)
DEB [20250312-02:57:25.391] thr=2   paramiko.transport: [chan 1] Max packet in: 32768 bytes
DEB [20250312-02:57:25.440] thr=1   paramiko.transport: [chan 1] Max packet out: 32768 bytes
DEB [20250312-02:57:25.440] thr=1   paramiko.transport: Secsh channel 1 opened.
DEB [20250312-02:57:25.480] thr=1   paramiko.transport: [chan 1] Sesch channel 1 request ok
DEB [20250312-02:58:00.637] thr=2   paramiko.transport: [chan 1] EOF sent (1)
DEB [20250312-02:58:00.637] thr=1   paramiko.transport: [chan 1] EOF received (1)
DEB [20250312-02:58:05.651] thr=2   paramiko.transport: [chan 2] Max packet in: 32768 bytes
DEB [20250312-02:58:05.704] thr=1   paramiko.transport: [chan 2] Max packet out: 32768 bytes
DEB [20250312-02:58:05.704] thr=1   paramiko.transport: Secsh channel 2 opened.
DEB [20250312-02:58:05.754] thr=1   paramiko.transport: [chan 2] Sesch channel 2 request ok
INF [20250312-02:58:05.801] thr=2   paramiko.transport.sftp: [chan 2] Opened sftp connection (server version 3)
DEB [20250312-02:58:05.801] thr=2   paramiko.transport.sftp: [chan 2] stat(b'/tmp/winb_edu_backup.sql')
DEB [20250312-02:58:06.137] thr=2   paramiko.transport.sftp: [chan 2] open(b'/tmp/winb_edu_backup.sql', 'rb')
DEB [20250312-02:58:06.172] thr=2   paramiko.transport.sftp: [chan 2] open(b'/tmp/winb_edu_backup.sql', 'rb') -> 00000000
DEB [20250312-02:59:06.970] thr=2   paramiko.transport.sftp: [chan 2] close(00000000)
INF [20250312-02:59:07.027] thr=2   paramiko.transport.sftp: [chan 2] sftp session closed.
DEB [20250312-02:59:07.029] thr=2   paramiko.transport: [chan 2] EOF sent (2)
DEB [20250312-02:59:07.029] thr=2   paramiko.transport: [chan 3] Max packet in: 32768 bytes
DEB [20250312-02:59:07.074] thr=1   paramiko.transport: [chan 2] EOF received (2)
DEB [20250312-02:59:07.122] thr=1   paramiko.transport: [chan 3] Max packet out: 32768 bytes
DEB [20250312-02:59:07.122] thr=1   paramiko.transport: Secsh channel 3 opened.
DEB [20250312-02:59:07.163] thr=1   paramiko.transport: [chan 3] Sesch channel 3 request ok
INF [20250312-02:59:07.225] thr=2   paramiko.transport.sftp: [chan 3] Opened sftp connection (server version 3)
DEB [20250312-02:59:07.227] thr=2   paramiko.transport.sftp: [chan 3] stat(b'/tmp/winb_edu_backup.sql')
DEB [20250312-02:59:07.276] thr=2   paramiko.transport.sftp: [chan 3] open(b'/tmp/winb_edu_backup.sql', 'rb')
DEB [20250312-02:59:07.323] thr=2   paramiko.transport.sftp: [chan 3] open(b'/tmp/winb_edu_backup.sql', 'rb') -> 00000000
DEB [20250312-03:00:00.501] thr=2   paramiko.transport.sftp: [chan 3] close(00000000)
INF [20250312-03:00:00.557] thr=2   paramiko.transport.sftp: [chan 3] sftp session closed.
DEB [20250312-03:00:00.557] thr=2   paramiko.transport: [chan 3] EOF sent (3)
DEB [20250312-03:00:00.557] thr=2   paramiko.transport: [chan 4] Max packet in: 32768 bytes
DEB [20250312-03:00:00.601] thr=1   paramiko.transport: [chan 3] EOF received (3)
DEB [20250312-03:00:00.645] thr=1   paramiko.transport: [chan 4] Max packet out: 32768 bytes
DEB [20250312-03:00:00.645] thr=1   paramiko.transport: Secsh channel 4 opened.
DEB [20250312-03:00:00.710] thr=1   paramiko.transport: [chan 4] Sesch channel 4 request ok
DEB [20250312-03:00:00.710] thr=2   paramiko.transport: [chan 4] EOF sent (4)
DEB [20250312-03:00:00.710] thr=2   paramiko.transport: [chan 5] Max packet in: 32768 bytes
DEB [20250312-03:00:00.712] thr=1   paramiko.transport: [chan 4] EOF received (4)
DEB [20250312-03:00:00.758] thr=1   paramiko.transport: [chan 5] Max packet out: 32768 bytes
DEB [20250312-03:00:00.758] thr=1   paramiko.transport: Secsh channel 5 opened.
DEB [20250312-03:00:00.906] thr=1   paramiko.transport: [chan 5] Sesch channel 5 request ok
DEB [20250312-03:00:00.937] thr=1   paramiko.transport: [chan 5] EOF received (5)
DEB [20250312-03:00:00.937] thr=2   paramiko.transport: [chan 5] EOF sent (5)
DEB [20250312-03:00:00.937] thr=1   paramiko.transport: EOF in transport thread
